[0517/163301:ERROR:renderer_main.cc(207)] Running without renderer sandbox
[0517/163305:INFO:CONSOLE(544)] "Spaces plugin version: %d.%d.%d", source: file:///C:/Program%20Files/Adobe/Adobe%20Photoshop%20CC%202015/Required/Plug-Ins/Spaces2//www/src/js/main-en.js (544)
[0517/163305:INFO:CONSOLE(544)] "Transfer from tools.initTool to tools.select failed:", source: file:///C:/Program%20Files/Adobe/Adobe%20Photoshop%20CC%202015/Required/Plug-Ins/Spaces2//www/src/js/main-en.js (544)
[0517/163305:INFO:CONSOLE(544)] "Unrecoverable error:", source: file:///C:/Program%20Files/Adobe/Adobe%20Photoshop%20CC%202015/Required/Plug-Ins/Spaces2//www/src/js/main-en.js (544)
[0517/163306:INFO:CONSOLE(544)] "%cUnhandled rejection RangeError: Maximum call stack size exceeded
    at S.t._ensurePossibleRejectionHandled (file:///C:/Program%20Files/Adobe/Adobe%20Photoshop%20CC%202015/Required/Plug-Ins/Spaces2//www/src/js/main-en.js:544:146269)
    at S._rejectUnchecked (file:///C:/Program%20Files/Adobe/Adobe%20Photoshop%20CC%202015/Required/Plug-Ins/Spaces2//www/src/js/main-en.js:544:173140)
    at S._reject (file:///C:/Program%20Files/Adobe/Adobe%20Photoshop%20CC%202015/Required/Plug-Ins/Spaces2//www/src/js/main-en.js:544:170956)
    at S._rejectCallback (file:///C:/Program%20Files/Adobe/Adobe%20Photoshop%20CC%202015/Required/Plug-Ins/Spaces2//www/src/js/main-en.js:544:169605)
    at Object.p [as abort] (file:///C:/Program%20Files/Adobe/Adobe%20Photoshop%20CC%202015/Required/Plug-Ins/Spaces2//www/src/js/main-en.js:544:180031)
    at Object.p [as abort] (file:///C:/Program%20Files/Adobe/Adobe%20Photoshop%20CC%202015/Required/Plug-Ins/Spaces2//www/src/js/main-en.js:544:179996)
    at Object.p [as abort] (file:///C:/Program%20Files/Adobe/Adobe%20Photoshop%20CC%202015/Required/Plug-Ins/Spaces2//www/src/js/main-en.js:544:179996)
    at Object.p [as abort] (file:///C:/Program%20Files/Adobe/Adobe%20Photoshop%20CC%202015/Required/Plug-Ins/Spaces2//www/src/js/main-en.js:544:179996)
    at Object.p [as abort] (file:///C:/Program%20Files/Adobe/Adobe%20Photoshop%20CC%202015/Required/Plug-Ins/Spaces2//www/src/js/main-en.js:544:179996)
    at Object.p [as abort] (file:///C:/Program%20Files/Adobe/Adobe%20Photoshop%20CC%202015/Required/Plug-Ins/Spaces2//www/src/js/main-en.js:544:179996)
    at Object.p [as abort] (file:///C:/Program%20Files/Adobe/Adobe%20Photoshop%20CC%202015/Required/Plug-Ins/Spaces2//www/src/js/main-en.js:544:179996)
    at Object.p [as abort] (file:///C:/Program%20Files/Adobe/Adobe%20Photoshop%20CC%202015/Required/Plug-Ins/Spaces2//www/src/js/main-en.js:544:179996)
    at Object.p [as abort] (file:///C:/Program%20Files/Adobe/Adobe%20Photoshop%20CC%202015/Required/Plug-Ins/Spaces2//www/src/js/main-en.js:544:179996)
    at Object.p [as abort] (file:///C:/Program%20Files/Adobe/Adobe%20Photoshop%20CC%202015/Required/Plug-Ins/Spaces2//www/src/js/main-en.js:544:179996)
    at Object.p [as abort] (file:///C:/Program%20Files/Adobe/Adobe%20Photoshop%20CC%202015/Required/Plug-Ins/Spaces2//www/src/js/main-en.js:544:179996)
    at Object.p [as abort] (file:///C:/Program%20Files/Adobe/Adobe%20Photoshop%20CC%202015/Required/Plug-Ins/Spaces2//www/src/js/main-en.js:544:179996)", source: file:///C:/Program%20Files/Adobe/Adobe%20Photoshop%20CC%202015/Required/Plug-Ins/Spaces2//www/src/js/main-en.js (544)
[0517/163306:INFO:CONSOLE(544)] "%cUnhandled rejection Error: Job canceled before execution
    at file:///C:/Program%20Files/Adobe/Adobe%20Photoshop%20CC%202015/Required/Plug-Ins/Spaces2//www/src/js/main-en.js:544:1765977
    at Array.forEach (native)
    at a.removeAll (file:///C:/Program%20Files/Adobe/Adobe%20Photoshop%20CC%202015/Required/Plug-Ins/Spaces2//www/src/js/main-en.js:544:1765939)
    at x._resetController (file:///C:/Program%20Files/Adobe/Adobe%20Photoshop%20CC%202015/Required/Plug-Ins/Spaces2//www/src/js/main-en.js:544:1777749)
    at null.<anonymous> (file:///C:/Program%20Files/Adobe/Adobe%20Photoshop%20CC%202015/Required/Plug-Ins/Spaces2//www/src/js/main-en.js:544:1773210)
    at tryCatcher (file:///C:/Program%20Files/Adobe/Adobe%20Photoshop%20CC%202015/Required/Plug-Ins/Spaces2//www/src/js/main-en.js:544:197334)
    at S._settlePromiseFromHandler (file:///C:/Program%20Files/Adobe/Adobe%20Photoshop%20CC%202015/Required/Plug-Ins/Spaces2//www/src/js/main-en.js:544:170142)
    at S._settlePromiseAt (file:///C:/Program%20Files/Adobe/Adobe%20Photoshop%20CC%202015/Required/Plug-Ins/Spaces2//www/src/js/main-en.js:544:171410)
    at S._settlePromises (file:///C:/Program%20Files/Adobe/Adobe%20Photoshop%20CC%202015/Required/Plug-Ins/Spaces2//www/src/js/main-en.js:544:173294)
    at a._drainQueue (file:///C:/Program%20Files/Adobe/Adobe%20Photoshop%20CC%202015/Required/Plug-Ins/Spaces2//www/src/js/main-en.js:544:134738)
    at a._drainQueues (file:///C:/Program%20Files/Adobe/Adobe%20Photoshop%20CC%202015/Required/Plug-Ins/Spaces2//www/src/js/main-en.js:544:134848)
    at drainQueues (file:///C:/Program%20Files/Adobe/Adobe%20Photoshop%20CC%202015/Required/Plug-Ins/Spaces2//www/src/js/main-en.js:544:133056)", source: file:///C:/Program%20Files/Adobe/Adobe%20Photoshop%20CC%202015/Required/Plug-Ins/Spaces2//www/src/js/main-en.js (544)
[0517/163306:INFO:CONSOLE(544)] "%cUnhandled rejection Error: Job canceled before execution
    at file:///C:/Program%20Files/Adobe/Adobe%20Photoshop%20CC%202015/Required/Plug-Ins/Spaces2//www/src/js/main-en.js:544:1765977
    at Array.forEach (native)
    at a.removeAll (file:///C:/Program%20Files/Adobe/Adobe%20Photoshop%20CC%202015/Required/Plug-Ins/Spaces2//www/src/js/main-en.js:544:1765939)
    at x._resetController (file:///C:/Program%20Files/Adobe/Adobe%20Photoshop%20CC%202015/Required/Plug-Ins/Spaces2//www/src/js/main-en.js:544:1777749)
    at null.<anonymous> (file:///C:/Program%20Files/Adobe/Adobe%20Photoshop%20CC%202015/Required/Plug-Ins/Spaces2//www/src/js/main-en.js:544:1773210)
    at tryCatcher (file:///C:/Program%20Files/Adobe/Adobe%20Photoshop%20CC%202015/Required/Plug-Ins/Spaces2//www/src/js/main-en.js:544:197334)
    at S._settlePromiseFromHandler (file:///C:/Program%20Files/Adobe/Adobe%20Photoshop%20CC%202015/Required/Plug-Ins/Spaces2//www/src/js/main-en.js:544:170142)
    at S._settlePromiseAt (file:///C:/Program%20Files/Adobe/Adobe%20Photoshop%20CC%202015/Required/Plug-Ins/Spaces2//www/src/js/main-en.js:544:171410)
    at S._settlePromises (file:///C:/Program%20Files/Adobe/Adobe%20Photoshop%20CC%202015/Required/Plug-Ins/Spaces2//www/src/js/main-en.js:544:173294)
    at a._drainQueue (file:///C:/Program%20Files/Adobe/Adobe%20Photoshop%20CC%202015/Required/Plug-Ins/Spaces2//www/src/js/main-en.js:544:134738)
    at a._drainQueues (file:///C:/Program%20Files/Adobe/Adobe%20Photoshop%20CC%202015/Required/Plug-Ins/Spaces2//www/src/js/main-en.js:544:134848)
    at drainQueues (file:///C:/Program%20Files/Adobe/Adobe%20Photoshop%20CC%202015/Required/Plug-Ins/Spaces2//www/src/js/main-en.js:544:133056)", source: file:///C:/Program%20Files/Adobe/Adobe%20Photoshop%20CC%202015/Required/Plug-Ins/Spaces2//www/src/js/main-en.js (544)
